Copyright 1986-2017 Xilinx, Inc. All Rights Reserved.
----------------------------------------------------------------------------------------------------------------------------------------
| Tool Version     : Vivado v.2017.4 (win64) Build 2086221 Fri Dec 15 20:55:39 MST 2017
| Date             : Mon May  7 10:50:51 2018
| Host             : PC-iubi running 64-bit major release  (build 9200)
| Command          : report_power -file dvi_tx_power_routed.rpt -pb dvi_tx_power_summary_routed.pb -rpx dvi_tx_power_routed.rpx
| Design           : dvi_tx
| Device           : xc7z010clg400-1
| Design State     : routed
| Grade            : commercial
| Process          : typical
| Characterization : Production
----------------------------------------------------------------------------------------------------------------------------------------

Power Report

Table of Contents
-----------------
1. Summary
1.1 On-Chip Components
1.2 Power Supply Summary
1.3 Confidence Level
2. Settings
2.1 Environment
2.2 Clock Constraints
3. Detailed Reports
3.1 By Hierarchy

1. Summary
----------

+--------------------------+--------------+
| Total On-Chip Power (W)  | 0.194        |
| Design Power Budget (W)  | Unspecified* |
| Power Budget Margin (W)  | NA           |
| Dynamic (W)              | 0.100        |
| Device Static (W)        | 0.094        |
| Effective TJA (C/W)      | 11.5         |
| Max Ambient (C)          | 82.8         |
| Junction Temperature (C) | 27.2         |
| Confidence Level         | Medium       |
| Setting File             | ---          |
| Simulation Activity File | ---          |
| Design Nets Matched      | NA           |
+--------------------------+--------------+
* Specify Design Power Budget using, set_operating_conditions -design_power_budget <value in Watts>


1.1 On-Chip Components
----------------------

+----------------+-----------+----------+-----------+-----------------+
| On-Chip        | Power (W) | Used     | Available | Utilization (%) |
+----------------+-----------+----------+-----------+-----------------+
| Clocks         |     0.001 |        7 |       --- |             --- |
| Slice Logic    |    <0.001 |      175 |       --- |             --- |
|   LUT as Logic |    <0.001 |       46 |     17600 |            0.26 |
|   Register     |    <0.001 |       76 |     35200 |            0.22 |
|   CARRY4       |    <0.001 |        6 |      4400 |            0.14 |
|   Others       |     0.000 |       36 |       --- |             --- |
| Signals        |    <0.001 |      124 |       --- |             --- |
| MMCM           |     0.092 |        1 |         2 |           50.00 |
| I/O            |     0.006 |       10 |       100 |           10.00 |
| Static Power   |     0.094 |          |           |                 |
| Total          |     0.194 |          |           |                 |
+----------------+-----------+----------+-----------+-----------------+


1.2 Power Supply Summary
------------------------

+-----------+-------------+-----------+-------------+------------+
| Source    | Voltage (V) | Total (A) | Dynamic (A) | Static (A) |
+-----------+-------------+-----------+-------------+------------+
| Vccint    |       1.000 |     0.007 |       0.003 |      0.004 |
| Vccaux    |       1.800 |     0.057 |       0.052 |      0.005 |
| Vcco33    |       3.300 |     0.002 |       0.001 |      0.001 |
| Vcco25    |       2.500 |     0.000 |       0.000 |      0.000 |
| Vcco18    |       1.800 |     0.000 |       0.000 |      0.000 |
| Vcco15    |       1.500 |     0.000 |       0.000 |      0.000 |
| Vcco135   |       1.350 |     0.000 |       0.000 |      0.000 |
| Vcco12    |       1.200 |     0.000 |       0.000 |      0.000 |
| Vccaux_io |       1.800 |     0.000 |       0.000 |      0.000 |
| Vccbram   |       1.000 |     0.000 |       0.000 |      0.000 |
| MGTAVcc   |       1.000 |     0.000 |       0.000 |      0.000 |
| MGTAVtt   |       1.200 |     0.000 |       0.000 |      0.000 |
| MGTVccaux |       1.800 |     0.000 |       0.000 |      0.000 |
| Vccpint   |       1.000 |     0.017 |       0.000 |      0.017 |
| Vccpaux   |       1.800 |     0.010 |       0.000 |      0.010 |
| Vccpll    |       1.800 |     0.003 |       0.000 |      0.003 |
| Vcco_ddr  |       1.500 |     0.000 |       0.000 |      0.000 |
| Vcco_mio0 |       1.800 |     0.000 |       0.000 |      0.000 |
| Vcco_mio1 |       1.800 |     0.000 |       0.000 |      0.000 |
| Vccadc    |       1.800 |     0.020 |       0.000 |      0.020 |
+-----------+-------------+-----------+-------------+------------+


1.3 Confidence Level
--------------------

+-----------------------------+------------+-------------------------------------------------------+------------------------------------------------------------------------------------------------------------+
| User Input Data             | Confidence | Details                                               | Action                                                                                                     |
+-----------------------------+------------+-------------------------------------------------------+------------------------------------------------------------------------------------------------------------+
| Design implementation state | High       | Design is routed                                      |                                                                                                            |
| Clock nodes activity        | High       | User specified more than 95% of clocks                |                                                                                                            |
| I/O nodes activity          | Medium     | More than 5% of inputs are missing user specification | Provide missing input activity with simulation results or by editing the "By Resource Type -> I/Os" view   |
| Internal nodes activity     | Medium     | User specified less than 25% of internal nodes        | Provide missing internal nodes activity with simulation results or by editing the "By Resource Type" views |
| Device models               | High       | Device models are Production                          |                                                                                                            |
|                             |            |                                                       |                                                                                                            |
| Overall confidence level    | Medium     |                                                       |                                                                                                            |
+-----------------------------+------------+-------------------------------------------------------+------------------------------------------------------------------------------------------------------------+


2. Settings
-----------

2.1 Environment
---------------

+-----------------------+------------------------+
| Ambient Temp (C)      | 25.0                   |
| ThetaJA (C/W)         | 11.5                   |
| Airflow (LFM)         | 250                    |
| Heat Sink             | none                   |
| ThetaSA (C/W)         | 0.0                    |
| Board Selection       | medium (10"x10")       |
| # of Board Layers     | 8to11 (8 to 11 Layers) |
| Board Temperature (C) | 25.0                   |
+-----------------------+------------------------+


2.2 Clock Constraints
---------------------

+---------------+----------------------------------+-----------------+
| Clock         | Domain                           | Constraint (ns) |
+---------------+----------------------------------+-----------------+
| CLKFBIN       | dvi_tx_clkgen_inst/CLKFBIN       |            16.0 |
| pixel_clk_x_1 | dvi_tx_clkgen_inst/pixel_clk_x_1 |            40.0 |
| sclk_x        | dvi_tx_clkgen_inst/sclk_x        |            40.0 |
| sclk_x5_x_2   | dvi_tx_clkgen_inst/sclk_x5_x_2   |             8.0 |
| sys_clk_pin   | clk_i                            |             8.0 |
+---------------+----------------------------------+-----------------+


3. Detailed Reports
-------------------

3.1 By Hierarchy
----------------

+---------------------------+-----------+
| Name                      | Power (W) |
+---------------------------+-----------+
| dvi_tx                    |     0.100 |
|   dvi_tx_clkgen_inst      |     0.093 |
|     refrst_inst           |    <0.001 |
|     sync_mmcm_locked_inst |    <0.001 |
|   rgb_pattern_inst        |    <0.001 |
|   rgb_timing_inst         |    <0.001 |
|   rgb_to_dvi_inst         |     0.006 |
|     oserdes_clk_inst      |    <0.001 |
|       oserdes_arst_inst   |    <0.001 |
|     oserdes_tx0_inst      |     0.002 |
|       oserdes_arst_inst   |    <0.001 |
|     oserdes_tx1_inst      |     0.002 |
|       oserdes_arst_inst   |    <0.001 |
|     oserdes_tx2_inst      |     0.002 |
|       oserdes_arst_inst   |    <0.001 |
|     tmds_0_inst           |    <0.001 |
|     tmds_1_inst           |    <0.001 |
|     tmds_2_inst           |    <0.001 |
+---------------------------+-----------+


